0 info it worked if it ends with ok
1 verbose cli [ '/home/ubuntu/.nvm/versions/node/v4.5.0/bin/node',
1 verbose cli   '/home/ubuntu/.nvm/versions/node/v4.5.0/bin/npm',
1 verbose cli   'run',
1 verbose cli   'coverage' ]
2 info using npm@2.15.9
3 info using node@v4.5.0
4 verbose run-script [ 'precoverage', 'coverage', 'postcoverage' ]
5 info precoverage @
6 info coverage @
7 verbose unsafe-perm in lifecycle true
8 info @ Failed to exec coverage script
9 verbose stack Error: @ coverage: `istanbul cover -x **spec/** -x **index.js** -x **tenantManager.js** jasmine-node spec`
9 verbose stack Exit status 1
9 verbose stack     at EventEmitter.<anonymous> (/home/ubuntu/.nvm/versions/node/v4.5.0/lib/node_modules/npm/lib/utils/lifecycle.js:217:16)
9 verbose stack     at emitTwo (events.js:87:13)
9 verbose stack     at EventEmitter.emit (events.js:172:7)
9 verbose stack     at ChildProcess.<anonymous> (/home/ubuntu/.nvm/versions/node/v4.5.0/lib/node_modules/npm/lib/utils/spawn.js:24:14)
9 verbose stack     at emitTwo (events.js:87:13)
9 verbose stack     at ChildProcess.emit (events.js:172:7)
9 verbose stack     at maybeClose (internal/child_process.js:829:16)
9 verbose stack     at Process.ChildProcess._handle.onexit (internal/child_process.js:211:5)
10 verbose pkgid @
11 verbose cwd /home/ubuntu/workspace
12 error Linux 4.2.0-c9
13 error argv "/home/ubuntu/.nvm/versions/node/v4.5.0/bin/node" "/home/ubuntu/.nvm/versions/node/v4.5.0/bin/npm" "run" "coverage"
14 error node v4.5.0
15 error npm  v2.15.9
16 error code ELIFECYCLE
17 error @ coverage: `istanbul cover -x **spec/** -x **index.js** -x **tenantManager.js** jasmine-node spec`
17 error Exit status 1
18 error Failed at the @ coverage script 'istanbul cover -x **spec/** -x **index.js** -x **tenantManager.js** jasmine-node spec'.
18 error This is most likely a problem with the  package,
18 error not with npm itself.
18 error Tell the author that this fails on your system:
18 error     istanbul cover -x **spec/** -x **index.js** -x **tenantManager.js** jasmine-node spec
18 error You can get information on how to open an issue for this project with:
18 error     npm bugs
18 error Or if that isn't available, you can get their info via:
18 error
18 error     npm owner ls
18 error There is likely additional logging output above.
19 verbose exit [ 1, true ]
